2026-07-08 10:34:40 [INFO ] Successfully read 6 lines from data/input.txt
2026-07-08 10:34:40 [INFO ] Starting to parse line: 3 4 7
2026-07-08 10:34:40 [INFO ] Successfully parsed 3 elements into int array
2026-07-08 10:34:40 [INFO ] Line 1: Created array: [3, 4, 7]
2026-07-08 10:34:40 [INFO ] Minimum: 3
2026-07-08 10:34:40 [INFO ] Maximum: 7
2026-07-08 10:34:40 [INFO ] Sum: 14
2026-07-08 10:34:40 [INFO ] Average: 4.666666666666667
2026-07-08 10:34:40 [INFO ] Starting bubble sort
2026-07-08 10:34:40 [INFO ] Bubble sort finished successfully
2026-07-08 10:34:40 [INFO ] Bubble sorted: [3, 4, 7]
2026-07-08 10:34:40 [WARN ] Line 2 was skipped: Invalid or empty data
2026-07-08 10:34:40 [INFO ] Starting to parse line: 1, 2, 3
2026-07-08 10:34:40 [INFO ] Successfully parsed 3 elements into int array
2026-07-08 10:34:40 [INFO ] Line 3: Created array: [1, 2, 3]
2026-07-08 10:34:40 [INFO ] Minimum: 1
2026-07-08 10:34:40 [INFO ] Maximum: 3
2026-07-08 10:34:40 [INFO ] Sum: 6
2026-07-08 10:34:40 [INFO ] Average: 2.0
2026-07-08 10:34:40 [INFO ] Starting bubble sort
2026-07-08 10:34:40 [INFO ] Bubble sort finished successfully
2026-07-08 10:34:40 [INFO ] Bubble sorted: [1, 2, 3]
2026-07-08 10:34:40 [INFO ] Starting to parse line: 1 - 2 - 3
2026-07-08 10:34:40 [ERROR] Application processing failed
java.lang.NumberFormatException: For input string: "-"
	at java.base/java.lang.NumberFormatException.forInputString(NumberFormatException.java:67) ~[?:?]
	at java.base/java.lang.Integer.parseInt(Integer.java:565) ~[?:?]
	at java.base/java.lang.Integer.parseInt(Integer.java:662) ~[?:?]
	at by.sabrina.arraytask1.parser.impl.ArrayParserImpl.parse(ArrayParserImpl.java:25) ~[classes/:?]
	at by.sabrina.arraytask1.Main.processLine(Main.java:55) ~[classes/:?]
	at by.sabrina.arraytask1.Main.run(Main.java:37) [classes/:?]
	at by.sabrina.arraytask1.Main.main(Main.java:74) [classes/:?]
2026-07-08 10:37:14 [INFO ] Successfully read 6 lines from data/input.txt
2026-07-08 10:37:14 [INFO ] Starting to parse line: 3 4 7
2026-07-08 10:37:14 [INFO ] Successfully parsed 3 elements into int array
2026-07-08 10:37:14 [INFO ] Line 1: Created array: [3, 4, 7]
2026-07-08 10:37:14 [INFO ] Minimum: 3
2026-07-08 10:37:14 [INFO ] Maximum: 7
2026-07-08 10:37:14 [INFO ] Sum: 14
2026-07-08 10:37:14 [INFO ] Average: 4.666666666666667
2026-07-08 10:37:14 [INFO ] Starting bubble sort
2026-07-08 10:37:14 [INFO ] Bubble sort finished successfully
2026-07-08 10:37:14 [INFO ] Bubble sorted: [3, 4, 7]
2026-07-08 10:37:14 [WARN ] Line 2 was skipped: Invalid or empty data
2026-07-08 10:37:14 [INFO ] Starting to parse line: 1, 2, 3
2026-07-08 10:37:14 [INFO ] Successfully parsed 3 elements into int array
2026-07-08 10:37:14 [INFO ] Line 3: Created array: [1, 2, 3]
2026-07-08 10:37:14 [INFO ] Minimum: 1
2026-07-08 10:37:14 [INFO ] Maximum: 3
2026-07-08 10:37:14 [INFO ] Sum: 6
2026-07-08 10:37:14 [INFO ] Average: 2.0
2026-07-08 10:37:14 [INFO ] Starting bubble sort
2026-07-08 10:37:14 [INFO ] Bubble sort finished successfully
2026-07-08 10:37:14 [INFO ] Bubble sorted: [1, 2, 3]
2026-07-08 10:37:14 [WARN ] Line 4 was skipped: Invalid or empty data
2026-07-08 10:37:14 [WARN ] Line 5 was skipped: Invalid or empty data
2026-07-08 10:37:14 [INFO ] Starting to parse line: 10;20;30
2026-07-08 10:37:14 [INFO ] Successfully parsed 3 elements into int array
2026-07-08 10:37:14 [INFO ] Line 6: Created array: [10, 20, 30]
2026-07-08 10:37:14 [INFO ] Minimum: 10
2026-07-08 10:37:14 [INFO ] Maximum: 30
2026-07-08 10:37:14 [INFO ] Sum: 60
2026-07-08 10:37:14 [INFO ] Average: 20.0
2026-07-08 10:37:14 [INFO ] Starting bubble sort
2026-07-08 10:37:14 [INFO ] Bubble sort finished successfully
2026-07-08 10:37:14 [INFO ] Bubble sorted: [10, 20, 30]
2026-07-08 19:20:03 [INFO ] Successfully read 6 lines from data/input.txt
2026-07-08 19:20:03 [INFO ] Starting to parse line: 3 4 7
2026-07-08 19:20:03 [INFO ] Successfully parsed 3 elements into int array
2026-07-08 19:20:03 [INFO ] Line 1: Created array: [3, 4, 7]
2026-07-08 19:20:03 [INFO ] Minimum: 3
2026-07-08 19:20:03 [INFO ] Maximum: 7
2026-07-08 19:20:03 [INFO ] Sum: 14
2026-07-08 19:20:03 [INFO ] Average: 4.666666666666667
2026-07-08 19:20:03 [INFO ] Starting bubble sort
2026-07-08 19:20:03 [INFO ] Bubble sort finished successfully
2026-07-08 19:20:03 [INFO ] Bubble sorted: [3, 4, 7]
2026-07-08 19:20:03 [WARN ] Line 2 was skipped: Invalid or empty data
2026-07-08 19:20:03 [INFO ] Starting to parse line: 1, 2, 3
2026-07-08 19:20:03 [INFO ] Successfully parsed 3 elements into int array
2026-07-08 19:20:03 [INFO ] Line 3: Created array: [1, 2, 3]
2026-07-08 19:20:03 [INFO ] Minimum: 1
2026-07-08 19:20:03 [INFO ] Maximum: 3
2026-07-08 19:20:03 [INFO ] Sum: 6
2026-07-08 19:20:03 [INFO ] Average: 2.0
2026-07-08 19:20:03 [INFO ] Starting bubble sort
2026-07-08 19:20:03 [INFO ] Bubble sort finished successfully
2026-07-08 19:20:03 [INFO ] Bubble sorted: [1, 2, 3]
2026-07-08 19:20:03 [WARN ] Line 4 was skipped: Invalid or empty data
2026-07-08 19:20:03 [WARN ] Line 5 was skipped: Invalid or empty data
2026-07-08 19:20:03 [INFO ] Starting to parse line: 10;20;30
2026-07-08 19:20:03 [INFO ] Successfully parsed 3 elements into int array
2026-07-08 19:20:03 [INFO ] Line 6: Created array: [10, 20, 30]
2026-07-08 19:20:03 [INFO ] Minimum: 10
2026-07-08 19:20:03 [INFO ] Maximum: 30
2026-07-08 19:20:03 [INFO ] Sum: 60
2026-07-08 19:20:03 [INFO ] Average: 20.0
2026-07-08 19:20:03 [INFO ] Starting bubble sort
2026-07-08 19:20:03 [INFO ] Bubble sort finished successfully
2026-07-08 19:20:03 [INFO ] Bubble sorted: [10, 20, 30]
2026-07-13 15:48:26 [INFO ] Successfully read 6 lines from data/input.txt
2026-07-13 15:48:26 [INFO ] Starting to parse line: 3 4 7
2026-07-13 15:48:26 [INFO ] Successfully parsed 3 elements into int array
2026-07-13 15:48:26 [INFO ] Added to repository: ID=1
2026-07-13 15:48:26 [INFO ] Successfully added to repository: ArrayEntity{id=1, values=[3, 4, 7]}
2026-07-13 15:48:26 [INFO ] Starting to parse line: 1, 2, 3
2026-07-13 15:48:26 [INFO ] Successfully parsed 3 elements into int array
2026-07-13 15:48:26 [INFO ] Added to repository: ID=2
2026-07-13 15:48:26 [INFO ] Successfully added to repository: ArrayEntity{id=2, values=[1, 2, 3]}
2026-07-13 15:48:26 [INFO ] Starting to parse line: 10;20;30
2026-07-13 15:48:26 [INFO ] Successfully parsed 3 elements into int array
2026-07-13 15:48:26 [INFO ] Added to repository: ID=3
2026-07-13 15:48:26 [INFO ] Successfully added to repository: ArrayEntity{id=3, values=[10, 20, 30]}
2026-07-13 15:48:26 [INFO ] --- Querying repository (Sum > 50) ---
2026-07-13 15:48:26 [INFO ] Executing query with: SumSpecification
2026-07-13 15:48:26 [INFO ] --- Sorting repository by Size ---
